<?xml version="1.0" encoding="UTF-8"?>
<testsuite xmlns:xsi="http://www.w3.org/2001/XMLSchema-instance" xsi:noNamespaceSchemaLocation="https://maven.apache.org/surefire/maven-surefire-plugin/xsd/surefire-test-report.xsd" name="com.treadsoft.microservices.hello.HelloControllIntegrationTest" time="1.792" tests="1" errors="0" skipped="0" failures="0">
  <properties>
    <property name="sun.desktop" value="windows"/>
    <property name="awt.toolkit" value="sun.awt.windows.WToolkit"/>
    <property name="file.encoding.pkg" value="sun.io"/>
    <property name="java.specification.version" value="1.8"/>
    <property name="sun.cpu.isalist" value="amd64"/>
    <property name="sun.jnu.encoding" value="Cp1252"/>
    <property name="java.class.path" value="C:\Dev\apps\microservices\target\test-classes;C:\Dev\apps\microservices\target\classes;c:\Dev\soa\repository\org\springframework\boot\spring-boot-starter-web\2.0.0.RELEASE\spring-boot-starter-web-2.0.0.RELEASE.jar;c:\Dev\soa\repository\org\springframework\boot\spring-boot-starter\2.0.0.RELEASE\spring-boot-starter-2.0.0.RELEASE.jar;c:\Dev\soa\repository\org\springframework\boot\spring-boot\2.0.0.RELEASE\spring-boot-2.0.0.RELEASE.jar;c:\Dev\soa\repository\org\springframework\boot\spring-boot-autoconfigure\2.0.0.RELEASE\spring-boot-autoconfigure-2.0.0.RELEASE.jar;c:\Dev\soa\repository\org\springframework\boot\spring-boot-starter-logging\2.0.0.RELEASE\spring-boot-starter-logging-2.0.0.RELEASE.jar;c:\Dev\soa\repository\ch\qos\logback\logback-classic\1.2.3\logback-classic-1.2.3.jar;c:\Dev\soa\repository\ch\qos\logback\logback-core\1.2.3\logback-core-1.2.3.jar;c:\Dev\soa\repository\org\apache\logging\log4j\log4j-to-slf4j\2.10.0\log4j-to-slf4j-2.10.0.jar;c:\Dev\soa\repository\org\apache\logging\log4j\log4j-api\2.10.0\log4j-api-2.10.0.jar;c:\Dev\soa\repository\org\slf4j\jul-to-slf4j\1.7.25\jul-to-slf4j-1.7.25.jar;c:\Dev\soa\repository\javax\annotation\javax.annotation-api\1.3.2\javax.annotation-api-1.3.2.jar;c:\Dev\soa\repository\org\yaml\snakeyaml\1.19\snakeyaml-1.19.jar;c:\Dev\soa\repository\org\springframework\boot\spring-boot-starter-json\2.0.0.RELEASE\spring-boot-starter-json-2.0.0.RELEASE.jar;c:\Dev\soa\repository\com\fasterxml\jackson\core\jackson-databind\2.9.4\jackson-databind-2.9.4.jar;c:\Dev\soa\repository\com\fasterxml\jackson\core\jackson-annotations\2.9.0\jackson-annotations-2.9.0.jar;c:\Dev\soa\repository\com\fasterxml\jackson\core\jackson-core\2.9.4\jackson-core-2.9.4.jar;c:\Dev\soa\repository\com\fasterxml\jackson\datatype\jackson-datatype-jdk8\2.9.4\jackson-datatype-jdk8-2.9.4.jar;c:\Dev\soa\repository\com\fasterxml\jackson\datatype\jackson-datatype-jsr310\2.9.4\jackson-datatype-jsr310-2.9.4.jar;c:\Dev\soa\repository\com\fasterxml\jackson\module\jackson-module-parameter-names\2.9.4\jackson-module-parameter-names-2.9.4.jar;c:\Dev\soa\repository\org\springframework\boot\spring-boot-starter-tomcat\2.0.0.RELEASE\spring-boot-starter-tomcat-2.0.0.RELEASE.jar;c:\Dev\soa\repository\org\apache\tomcat\embed\tomcat-embed-core\8.5.28\tomcat-embed-core-8.5.28.jar;c:\Dev\soa\repository\org\apache\tomcat\embed\tomcat-embed-el\8.5.28\tomcat-embed-el-8.5.28.jar;c:\Dev\soa\repository\org\apache\tomcat\embed\tomcat-embed-websocket\8.5.28\tomcat-embed-websocket-8.5.28.jar;c:\Dev\soa\repository\org\hibernate\validator\hibernate-validator\6.0.7.Final\hibernate-validator-6.0.7.Final.jar;c:\Dev\soa\repository\javax\validation\validation-api\2.0.1.Final\validation-api-2.0.1.Final.jar;c:\Dev\soa\repository\org\jboss\logging\jboss-logging\3.3.2.Final\jboss-logging-3.3.2.Final.jar;c:\Dev\soa\repository\com\fasterxml\classmate\1.3.4\classmate-1.3.4.jar;c:\Dev\soa\repository\org\springframework\spring-web\5.0.4.RELEASE\spring-web-5.0.4.RELEASE.jar;c:\Dev\soa\repository\org\springframework\boot\spring-boot-starter-test\2.0.0.RELEASE\spring-boot-starter-test-2.0.0.RELEASE.jar;c:\Dev\soa\repository\org\springframework\boot\spring-boot-test\2.0.0.RELEASE\spring-boot-test-2.0.0.RELEASE.jar;c:\Dev\soa\repository\org\springframework\boot\spring-boot-test-autoconfigure\2.0.0.RELEASE\spring-boot-test-autoconfigure-2.0.0.RELEASE.jar;c:\Dev\soa\repository\com\jayway\jsonpath\json-path\2.4.0\json-path-2.4.0.jar;c:\Dev\soa\repository\net\minidev\json-smart\2.3\json-smart-2.3.jar;c:\Dev\soa\repository\net\minidev\accessors-smart\1.2\accessors-smart-1.2.jar;c:\Dev\soa\repository\org\ow2\asm\asm\5.0.4\asm-5.0.4.jar;c:\Dev\soa\repository\org\slf4j\slf4j-api\1.7.25\slf4j-api-1.7.25.jar;c:\Dev\soa\repository\junit\junit\4.12\junit-4.12.jar;c:\Dev\soa\repository\org\assertj\assertj-core\3.9.1\assertj-core-3.9.1.jar;c:\Dev\soa\repository\org\mockito\mockito-core\2.15.0\mockito-core-2.15.0.jar;c:\Dev\soa\repository\net\bytebuddy\byte-buddy\1.7.10\byte-buddy-1.7.10.jar;c:\Dev\soa\repository\net\bytebuddy\byte-buddy-agent\1.7.10\byte-buddy-agent-1.7.10.jar;c:\Dev\soa\repository\org\objenesis\objenesis\2.6\objenesis-2.6.jar;c:\Dev\soa\repository\org\hamcrest\hamcrest-core\1.3\hamcrest-core-1.3.jar;c:\Dev\soa\repository\org\hamcrest\hamcrest-library\1.3\hamcrest-library-1.3.jar;c:\Dev\soa\repository\org\skyscreamer\jsonassert\1.5.0\jsonassert-1.5.0.jar;c:\Dev\soa\repository\com\vaadin\external\google\android-json\0.0.20131108.vaadin1\android-json-0.0.20131108.vaadin1.jar;c:\Dev\soa\repository\org\springframework\spring-core\5.0.4.RELEASE\spring-core-5.0.4.RELEASE.jar;c:\Dev\soa\repository\org\springframework\spring-jcl\5.0.4.RELEASE\spring-jcl-5.0.4.RELEASE.jar;c:\Dev\soa\repository\org\springframework\spring-test\5.0.4.RELEASE\spring-test-5.0.4.RELEASE.jar;c:\Dev\soa\repository\org\xmlunit\xmlunit-core\2.5.1\xmlunit-core-2.5.1.jar;c:\Dev\soa\repository\org\springframework\boot\spring-boot-starter-actuator\2.0.0.RELEASE\spring-boot-starter-actuator-2.0.0.RELEASE.jar;c:\Dev\soa\repository\org\springframework\boot\spring-boot-actuator-autoconfigure\2.0.0.RELEASE\spring-boot-actuator-autoconfigure-2.0.0.RELEASE.jar;c:\Dev\soa\repository\org\springframework\boot\spring-boot-actuator\2.0.0.RELEASE\spring-boot-actuator-2.0.0.RELEASE.jar;c:\Dev\soa\repository\io\micrometer\micrometer-core\1.0.1\micrometer-core-1.0.1.jar;c:\Dev\soa\repository\org\hdrhistogram\HdrHistogram\2.1.10\HdrHistogram-2.1.10.jar;c:\Dev\soa\repository\org\latencyutils\LatencyUtils\2.0.3\LatencyUtils-2.0.3.jar;c:\Dev\soa\repository\org\springframework\spring-webmvc\5.0.4.RELEASE\spring-webmvc-5.0.4.RELEASE.jar;c:\Dev\soa\repository\org\springframework\spring-aop\5.0.4.RELEASE\spring-aop-5.0.4.RELEASE.jar;c:\Dev\soa\repository\org\springframework\spring-beans\5.0.4.RELEASE\spring-beans-5.0.4.RELEASE.jar;c:\Dev\soa\repository\org\springframework\spring-context\5.0.4.RELEASE\spring-context-5.0.4.RELEASE.jar;c:\Dev\soa\repository\org\springframework\spring-expression\5.0.4.RELEASE\spring-expression-5.0.4.RELEASE.jar;"/>
    <property name="java.vm.vendor" value="Oracle Corporation"/>
    <property name="sun.arch.data.model" value="64"/>
    <property name="user.variant" value=""/>
    <property name="java.vendor.url" value="http://java.oracle.com/"/>
    <property name="user.timezone" value=""/>
    <property name="java.vm.specification.version" value="1.8"/>
    <property name="os.name" value="Windows 10"/>
    <property name="user.country" value="US"/>
    <property name="sun.java.launcher" value="SUN_STANDARD"/>
    <property name="sun.boot.library.path" value="C:\Dev\Java\jdk1.8.0_151\jre\bin"/>
    <property name="sun.java.command" value="C:\Users\jchida\AppData\Local\Temp\surefire633401023185138421\surefirebooter5541545536474876458.jar C:\Users\jchida\AppData\Local\Temp\surefire633401023185138421 2018-03-13T13-27-11_986-jvmRun1 surefire8739310160365877868tmp surefire_06533565756037629767tmp"/>
    <property name="surefire.test.class.path" value="C:\Dev\apps\microservices\target\test-classes;C:\Dev\apps\microservices\target\classes;c:\Dev\soa\repository\org\springframework\boot\spring-boot-starter-web\2.0.0.RELEASE\spring-boot-starter-web-2.0.0.RELEASE.jar;c:\Dev\soa\repository\org\springframework\boot\spring-boot-starter\2.0.0.RELEASE\spring-boot-starter-2.0.0.RELEASE.jar;c:\Dev\soa\repository\org\springframework\boot\spring-boot\2.0.0.RELEASE\spring-boot-2.0.0.RELEASE.jar;c:\Dev\soa\repository\org\springframework\boot\spring-boot-autoconfigure\2.0.0.RELEASE\spring-boot-autoconfigure-2.0.0.RELEASE.jar;c:\Dev\soa\repository\org\springframework\boot\spring-boot-starter-logging\2.0.0.RELEASE\spring-boot-starter-logging-2.0.0.RELEASE.jar;c:\Dev\soa\repository\ch\qos\logback\logback-classic\1.2.3\logback-classic-1.2.3.jar;c:\Dev\soa\repository\ch\qos\logback\logback-core\1.2.3\logback-core-1.2.3.jar;c:\Dev\soa\repository\org\apache\logging\log4j\log4j-to-slf4j\2.10.0\log4j-to-slf4j-2.10.0.jar;c:\Dev\soa\repository\org\apache\logging\log4j\log4j-api\2.10.0\log4j-api-2.10.0.jar;c:\Dev\soa\repository\org\slf4j\jul-to-slf4j\1.7.25\jul-to-slf4j-1.7.25.jar;c:\Dev\soa\repository\javax\annotation\javax.annotation-api\1.3.2\javax.annotation-api-1.3.2.jar;c:\Dev\soa\repository\org\yaml\snakeyaml\1.19\snakeyaml-1.19.jar;c:\Dev\soa\repository\org\springframework\boot\spring-boot-starter-json\2.0.0.RELEASE\spring-boot-starter-json-2.0.0.RELEASE.jar;c:\Dev\soa\repository\com\fasterxml\jackson\core\jackson-databind\2.9.4\jackson-databind-2.9.4.jar;c:\Dev\soa\repository\com\fasterxml\jackson\core\jackson-annotations\2.9.0\jackson-annotations-2.9.0.jar;c:\Dev\soa\repository\com\fasterxml\jackson\core\jackson-core\2.9.4\jackson-core-2.9.4.jar;c:\Dev\soa\repository\com\fasterxml\jackson\datatype\jackson-datatype-jdk8\2.9.4\jackson-datatype-jdk8-2.9.4.jar;c:\Dev\soa\repository\com\fasterxml\jackson\datatype\jackson-datatype-jsr310\2.9.4\jackson-datatype-jsr310-2.9.4.jar;c:\Dev\soa\repository\com\fasterxml\jackson\module\jackson-module-parameter-names\2.9.4\jackson-module-parameter-names-2.9.4.jar;c:\Dev\soa\repository\org\springframework\boot\spring-boot-starter-tomcat\2.0.0.RELEASE\spring-boot-starter-tomcat-2.0.0.RELEASE.jar;c:\Dev\soa\repository\org\apache\tomcat\embed\tomcat-embed-core\8.5.28\tomcat-embed-core-8.5.28.jar;c:\Dev\soa\repository\org\apache\tomcat\embed\tomcat-embed-el\8.5.28\tomcat-embed-el-8.5.28.jar;c:\Dev\soa\repository\org\apache\tomcat\embed\tomcat-embed-websocket\8.5.28\tomcat-embed-websocket-8.5.28.jar;c:\Dev\soa\repository\org\hibernate\validator\hibernate-validator\6.0.7.Final\hibernate-validator-6.0.7.Final.jar;c:\Dev\soa\repository\javax\validation\validation-api\2.0.1.Final\validation-api-2.0.1.Final.jar;c:\Dev\soa\repository\org\jboss\logging\jboss-logging\3.3.2.Final\jboss-logging-3.3.2.Final.jar;c:\Dev\soa\repository\com\fasterxml\classmate\1.3.4\classmate-1.3.4.jar;c:\Dev\soa\repository\org\springframework\spring-web\5.0.4.RELEASE\spring-web-5.0.4.RELEASE.jar;c:\Dev\soa\repository\org\springframework\boot\spring-boot-starter-test\2.0.0.RELEASE\spring-boot-starter-test-2.0.0.RELEASE.jar;c:\Dev\soa\repository\org\springframework\boot\spring-boot-test\2.0.0.RELEASE\spring-boot-test-2.0.0.RELEASE.jar;c:\Dev\soa\repository\org\springframework\boot\spring-boot-test-autoconfigure\2.0.0.RELEASE\spring-boot-test-autoconfigure-2.0.0.RELEASE.jar;c:\Dev\soa\repository\com\jayway\jsonpath\json-path\2.4.0\json-path-2.4.0.jar;c:\Dev\soa\repository\net\minidev\json-smart\2.3\json-smart-2.3.jar;c:\Dev\soa\repository\net\minidev\accessors-smart\1.2\accessors-smart-1.2.jar;c:\Dev\soa\repository\org\ow2\asm\asm\5.0.4\asm-5.0.4.jar;c:\Dev\soa\repository\org\slf4j\slf4j-api\1.7.25\slf4j-api-1.7.25.jar;c:\Dev\soa\repository\junit\junit\4.12\junit-4.12.jar;c:\Dev\soa\repository\org\assertj\assertj-core\3.9.1\assertj-core-3.9.1.jar;c:\Dev\soa\repository\org\mockito\mockito-core\2.15.0\mockito-core-2.15.0.jar;c:\Dev\soa\repository\net\bytebuddy\byte-buddy\1.7.10\byte-buddy-1.7.10.jar;c:\Dev\soa\repository\net\bytebuddy\byte-buddy-agent\1.7.10\byte-buddy-agent-1.7.10.jar;c:\Dev\soa\repository\org\objenesis\objenesis\2.6\objenesis-2.6.jar;c:\Dev\soa\repository\org\hamcrest\hamcrest-core\1.3\hamcrest-core-1.3.jar;c:\Dev\soa\repository\org\hamcrest\hamcrest-library\1.3\hamcrest-library-1.3.jar;c:\Dev\soa\repository\org\skyscreamer\jsonassert\1.5.0\jsonassert-1.5.0.jar;c:\Dev\soa\repository\com\vaadin\external\google\android-json\0.0.20131108.vaadin1\android-json-0.0.20131108.vaadin1.jar;c:\Dev\soa\repository\org\springframework\spring-core\5.0.4.RELEASE\spring-core-5.0.4.RELEASE.jar;c:\Dev\soa\repository\org\springframework\spring-jcl\5.0.4.RELEASE\spring-jcl-5.0.4.RELEASE.jar;c:\Dev\soa\repository\org\springframework\spring-test\5.0.4.RELEASE\spring-test-5.0.4.RELEASE.jar;c:\Dev\soa\repository\org\xmlunit\xmlunit-core\2.5.1\xmlunit-core-2.5.1.jar;c:\Dev\soa\repository\org\springframework\boot\spring-boot-starter-actuator\2.0.0.RELEASE\spring-boot-starter-actuator-2.0.0.RELEASE.jar;c:\Dev\soa\repository\org\springframework\boot\spring-boot-actuator-autoconfigure\2.0.0.RELEASE\spring-boot-actuator-autoconfigure-2.0.0.RELEASE.jar;c:\Dev\soa\repository\org\springframework\boot\spring-boot-actuator\2.0.0.RELEASE\spring-boot-actuator-2.0.0.RELEASE.jar;c:\Dev\soa\repository\io\micrometer\micrometer-core\1.0.1\micrometer-core-1.0.1.jar;c:\Dev\soa\repository\org\hdrhistogram\HdrHistogram\2.1.10\HdrHistogram-2.1.10.jar;c:\Dev\soa\repository\org\latencyutils\LatencyUtils\2.0.3\LatencyUtils-2.0.3.jar;c:\Dev\soa\repository\org\springframework\spring-webmvc\5.0.4.RELEASE\spring-webmvc-5.0.4.RELEASE.jar;c:\Dev\soa\repository\org\springframework\spring-aop\5.0.4.RELEASE\spring-aop-5.0.4.RELEASE.jar;c:\Dev\soa\repository\org\springframework\spring-beans\5.0.4.RELEASE\spring-beans-5.0.4.RELEASE.jar;c:\Dev\soa\repository\org\springframework\spring-context\5.0.4.RELEASE\spring-context-5.0.4.RELEASE.jar;c:\Dev\soa\repository\org\springframework\spring-expression\5.0.4.RELEASE\spring-expression-5.0.4.RELEASE.jar;"/>
    <property name="sun.cpu.endian" value="little"/>
    <property name="user.home" value="C:\Users\jchida"/>
    <property name="user.language" value="en"/>
    <property name="java.specification.vendor" value="Oracle Corporation"/>
    <property name="java.home" value="C:\Dev\Java\jdk1.8.0_151\jre"/>
    <property name="basedir" value="C:\Dev\apps\microservices"/>
    <property name="file.separator" value="\"/>
    <property name="line.separator" value="&#10;"/>
    <property name="java.vm.specification.vendor" value="Oracle Corporation"/>
    <property name="java.specification.name" value="Java Platform API Specification"/>
    <property name="java.awt.graphicsenv" value="sun.awt.Win32GraphicsEnvironment"/>
    <property name="surefire.real.class.path" value="C:\Users\jchida\AppData\Local\Temp\surefire633401023185138421\surefirebooter5541545536474876458.jar"/>
    <property name="sun.boot.class.path" value="C:\Dev\Java\jdk1.8.0_151\jre\lib\resources.jar;C:\Dev\Java\jdk1.8.0_151\jre\lib\rt.jar;C:\Dev\Java\jdk1.8.0_151\jre\lib\sunrsasign.jar;C:\Dev\Java\jdk1.8.0_151\jre\lib\jsse.jar;C:\Dev\Java\jdk1.8.0_151\jre\lib\jce.jar;C:\Dev\Java\jdk1.8.0_151\jre\lib\charsets.jar;C:\Dev\Java\jdk1.8.0_151\jre\lib\jfr.jar;C:\Dev\Java\jdk1.8.0_151\jre\classes"/>
    <property name="user.script" value=""/>
    <property name="sun.management.compiler" value="HotSpot 64-Bit Tiered Compilers"/>
    <property name="java.runtime.version" value="1.8.0_151-b12"/>
    <property name="user.name" value="jchida"/>
    <property name="path.separator" value=";"/>
    <property name="os.version" value="10.0"/>
    <property name="java.endorsed.dirs" value="C:\Dev\Java\jdk1.8.0_151\jre\lib\endorsed"/>
    <property name="java.runtime.name" value="Java(TM) SE Runtime Environment"/>
    <property name="file.encoding" value="Cp1252"/>
    <property name="java.vm.name" value="Java HotSpot(TM) 64-Bit Server VM"/>
    <property name="localRepository" value="c:\Dev\soa\repository"/>
    <property name="java.vendor.url.bug" value="http://bugreport.sun.com/bugreport/"/>
    <property name="java.io.tmpdir" value="C:\Users\jchida\AppData\Local\Temp\"/>
    <property name="java.version" value="1.8.0_151"/>
    <property name="user.dir" value="C:\Dev\apps\microservices"/>
    <property name="os.arch" value="amd64"/>
    <property name="java.vm.specification.name" value="Java Virtual Machine Specification"/>
    <property name="java.awt.printerjob" value="sun.awt.windows.WPrinterJob"/>
    <property name="sun.os.patch.level" value=""/>
    <property name="java.library.path" value="C:\Dev\Java\jdk1.8.0_151\jre\bin;C:\Windows\Sun\Java\bin;C:\Windows\system32;C:\Windows;C:\ProgramData\Oracle\Java\javapath;C:\Dev\Java\jdk1.8.0_151\bin;C:\Windows\system32;C:\Windows;C:\Windows\System32\Wbem;C:\Windows\System32\WindowsPowerShell\v1.0\;C:\Program Files\TortoiseSVN\bin;C:\Dev\apps\apache-maven-3.5.2\bin;C:\Program Files\PuTTY\;C:\Program Files\WIDCOMM\Bluetooth Software\;C:\Program Files\WIDCOMM\Bluetooth Software\syswow64;C:\Dev\nodejs\;C:\Dev\MySQL\MySQL Server 5.5\bin;C:\Program Files\MySQL\MySQL Utilities 1.6\;C:\Dev\Git\cmd;C:\Program Files (x86)\Brackets\command;C:\Program Files (x86)\Windows Kits\8.1\Windows Performance Toolkit\;C:\Users\jchida\AppData\Local\Microsoft\WindowsApps;C:\Users\jchida\AppData\Roaming\npm;."/>
    <property name="java.vm.info" value="mixed mode"/>
    <property name="java.vendor" value="Oracle Corporation"/>
    <property name="java.vm.version" value="25.151-b12"/>
    <property name="java.ext.dirs" value="C:\Dev\Java\jdk1.8.0_151\jre\lib\ext;C:\Windows\Sun\Java\lib\ext"/>
    <property name="sun.io.unicode.encoding" value="UnicodeLittle"/>
    <property name="java.class.version" value="52.0"/>
  </properties>
  <testcase name="getHello" classname="com.treadsoft.microservices.hello.HelloControllIntegrationTest" time="0.104"/>
</testsuite>